This is pdfTeX, Version 3.141592653-2.6-1.40.28 (TeX Live 2025) (preloaded format=pdflatex 2025.12.16)  4 APR 2026 13:02
entering extended mode
 restricted \write18 enabled.
 file:line:error style messages enabled.
 %&-line parsing enabled.
**/Users/ibrabarry/Downloads/pelmod1-main/main.tex
(/Users/ibrabarry/Downloads/pelmod1-main/main.tex
LaTeX2e <2025-11-01>
L3 programming layer <2025-11-14>
(/Users/ibrabarry/Library/TinyTeX/texmf-dist/tex/latex/base/book.cls
Document Class: book 2025/01/22 v1.4n Standard LaTeX document class
(/Users/ibrabarry/Library/TinyTeX/texmf-dist/tex/latex/base/bk12.clo
File: bk12.clo 2025/01/22 v1.4n Standard LaTeX file (size option)
)
\c@part=\count275
\c@chapter=\count276
\c@section=\count277
\c@subsection=\count278
\c@subsubsection=\count279
\c@paragraph=\count280
\c@subparagraph=\count281
\c@figure=\count282
\c@table=\count283
\abovecaptionskip=\skip49
\belowcaptionskip=\skip50
\bibindent=\dimen148
)

! LaTeX Error: File `pgfplots.sty' not found.

Type X to quit or <RETURN> to proceed,
or enter new name. (Default extension: sty)

Enter file name: 
/Users/ibrabarry/Downloads/pelmod1-main/main.tex:5: Emergency stop.
<read *> 
         
l.5 \pgfplotsset
                {compat=1.18}^^M
*** (cannot \read from terminal in nonstop modes)

 
Here is how much of TeX's memory you used:
 269 strings out of 469519
 3368 string characters out of 5469078
 433730 words of memory out of 5000000
 29006 multiletter control sequences out of 15000+600000
 628019 words of font info for 41 fonts, out of 8000000 for 9000
 14 hyphenation exceptions out of 8191
 35i,0n,38p,172b,36s stack positions out of 10000i,1000n,20000p,200000b,200000s
/Users/ibrabarry/Downloads/pelmod1-main/main.tex:5:  ==> Fatal error occurred, no output PDF file produced!
